Determining if the strtod_l exist failed with the following output:
Change Dir: /home/u189940/wordCloud/build/CMakeFiles/CMakeTmp

Run Build Command(s):/usr/bin/make cmTC_c734b/fast && /usr/bin/make -f CMakeFiles/cmTC_c734b.dir/build.make CMakeFiles/cmTC_c734b.dir/build
make[1]: Entering directory '/home/u189940/wordCloud/build/CMakeFiles/CMakeTmp'
Building C object CMakeFiles/cmTC_c734b.dir/CheckSymbolExists.c.o
/usr/bin/cc    -o CMakeFiles/cmTC_c734b.dir/CheckSymbolExists.c.o   -c /home/u189940/wordCloud/build/CMakeFiles/CMakeTmp/CheckSymbolExists.c
/home/u189940/wordCloud/build/CMakeFiles/CMakeTmp/CheckSymbolExists.c: In function ‘main’:
/home/u189940/wordCloud/build/CMakeFiles/CMakeTmp/CheckSymbolExists.c:8:19: error: ‘strtod_l’ undeclared (first use in this function); did you mean ‘strtoull’?
    8 |   return ((int*)(&strtod_l))[argc];
      |                   ^~~~~~~~
      |                   strtoull
/home/u189940/wordCloud/build/CMakeFiles/CMakeTmp/CheckSymbolExists.c:8:19: note: each undeclared identifier is reported only once for each function it appears in
make[1]: *** [CMakeFiles/cmTC_c734b.dir/build.make:66: CMakeFiles/cmTC_c734b.dir/CheckSymbolExists.c.o] Error 1
make[1]: Leaving directory '/home/u189940/wordCloud/build/CMakeFiles/CMakeTmp'
make: *** [Makefile:121: cmTC_c734b/fast] Error 2


File /home/u189940/wordCloud/build/CMakeFiles/CMakeTmp/CheckSymbolExists.c:
/* */
#include <stdlib.h>

int main(int argc, char** argv)
{
  (void)argv;
#ifndef strtod_l
  return ((int*)(&strtod_l))[argc];
#else
  (void)argc;
  return 0;
#endif
}
Performing C SOURCE FILE Test CMAKE_HAVE_LIBC_PTHREAD failed with the following output:
Change Dir: /home/u189940/wordCloud/build/CMakeFiles/CMakeTmp

Run Build Command(s):/usr/bin/make cmTC_257d4/fast && /usr/bin/make -f CMakeFiles/cmTC_257d4.dir/build.make CMakeFiles/cmTC_257d4.dir/build
make[1]: Entering directory '/home/u189940/wordCloud/build/CMakeFiles/CMakeTmp'
Building C object CMakeFiles/cmTC_257d4.dir/src.c.o
/usr/bin/cc   -DCMAKE_HAVE_LIBC_PTHREAD   -o CMakeFiles/cmTC_257d4.dir/src.c.o   -c /home/u189940/wordCloud/build/CMakeFiles/CMakeTmp/src.c
Linking C executable cmTC_257d4
/usr/bin/cmake -E cmake_link_script CMakeFiles/cmTC_257d4.dir/link.txt --verbose=1
/usr/bin/cc  -DCMAKE_HAVE_LIBC_PTHREAD    CMakeFiles/cmTC_257d4.dir/src.c.o  -o cmTC_257d4 
/usr/bin/ld: CMakeFiles/cmTC_257d4.dir/src.c.o: in function `main':
src.c:(.text+0x46): undefined reference to `pthread_create'
/usr/bin/ld: src.c:(.text+0x52): undefined reference to `pthread_detach'
/usr/bin/ld: src.c:(.text+0x63): undefined reference to `pthread_join'
collect2: error: ld returned 1 exit status
make[1]: *** [CMakeFiles/cmTC_257d4.dir/build.make:87: cmTC_257d4] Error 1
make[1]: Leaving directory '/home/u189940/wordCloud/build/CMakeFiles/CMakeTmp'
make: *** [Makefile:121: cmTC_257d4/fast] Error 2


Source file was:
#include <pthread.h>

void* test_func(void* data)
{
  return data;
}

int main(void)
{
  pthread_t thread;
  pthread_create(&thread, NULL, test_func, NULL);
  pthread_detach(thread);
  pthread_join(thread, NULL);
  pthread_atfork(NULL, NULL, NULL);
  pthread_exit(NULL);

  return 0;
}

Determining if the function pthread_create exists in the pthreads failed with the following output:
Change Dir: /home/u189940/wordCloud/build/CMakeFiles/CMakeTmp

Run Build Command(s):/usr/bin/make cmTC_4c169/fast && /usr/bin/make -f CMakeFiles/cmTC_4c169.dir/build.make CMakeFiles/cmTC_4c169.dir/build
make[1]: Entering directory '/home/u189940/wordCloud/build/CMakeFiles/CMakeTmp'
Building C object CMakeFiles/cmTC_4c169.dir/CheckFunctionExists.c.o
/usr/bin/cc   -DCHECK_FUNCTION_EXISTS=pthread_create   -o CMakeFiles/cmTC_4c169.dir/CheckFunctionExists.c.o   -c /usr/share/cmake-3.16/Modules/CheckFunctionExists.c
Linking C executable cmTC_4c169
/usr/bin/cmake -E cmake_link_script CMakeFiles/cmTC_4c169.dir/link.txt --verbose=1
/usr/bin/cc  -DCHECK_FUNCTION_EXISTS=pthread_create    CMakeFiles/cmTC_4c169.dir/CheckFunctionExists.c.o  -o cmTC_4c169  -lpthreads 
/usr/bin/ld: cannot find -lpthreads
collect2: error: ld returned 1 exit status
make[1]: *** [CMakeFiles/cmTC_4c169.dir/build.make:87: cmTC_4c169] Error 1
make[1]: Leaving directory '/home/u189940/wordCloud/build/CMakeFiles/CMakeTmp'
make: *** [Makefile:121: cmTC_4c169/fast] Error 2



